2000.05.27 18:57 B C:\WEBSHARE\WWWROOT\stevetonyasweb\tonya\medprime\scripts\behActions.js --> upload.att.net /t_estes/medprime/scripts behActions.js
2000.05.27 18:57 B C:\WEBSHARE\WWWROOT\stevetonyasweb\tonya\medprime\scripts\behCourseBuilder.js --> upload.att.net /t_estes/medprime/scripts behCourseBuilder.js
2000.05.27 18:57 B C:\WEBSHARE\WWWROOT\stevetonyasweb\tonya\medprime\scripts\behDragLayer.js --> upload.att.net /t_estes/medprime/scripts behDragLayer.js
2000.05.27 18:57 B C:\WEBSHARE\WWWROOT\stevetonyasweb\tonya\medprime\scripts\behTimeline.js --> upload.att.net /t_estes/medprime/scripts behTimeline.js
2000.05.27 18:57 B C:\WEBSHARE\WWWROOT\stevetonyasweb\tonya\medprime\scripts\cmi.js --> upload.att.net /t_estes/medprime/scripts cmi.js
2000.05.27 18:57 B C:\WEBSHARE\WWWROOT\stevetonyasweb\tonya\medprime\scripts\elemDragClass.js --> upload.att.net /t_estes/medprime/scripts elemDragClass.js
2000.05.27 18:57 B C:\WEBSHARE\WWWROOT\stevetonyasweb\tonya\medprime\scripts\elemHotaClass.js --> upload.att.net /t_estes/medprime/scripts elemHotaClass.js
2000.05.27 18:58 B C:\WEBSHARE\WWWROOT\stevetonyasweb\tonya\medprime\scripts\elemIbtnClass.js --> upload.att.net /t_estes/medprime/scripts elemIbtnClass.js
2000.05.27 18:58 B C:\WEBSHARE\WWWROOT\stevetonyasweb\tonya\medprime\scripts\elemInptClass.js --> upload.att.net /t_estes/medprime/scripts elemInptClass.js
2000.05.27 18:58 B C:\WEBSHARE\WWWROOT\stevetonyasweb\tonya\medprime\scripts\elemSldrClass.js --> upload.att.net /t_estes/medprime/scripts elemSldrClass.js
2000.05.27 18:58 B C:\WEBSHARE\WWWROOT\stevetonyasweb\tonya\medprime\scripts\elemTextClass.js --> upload.att.net /t_estes/medprime/scripts elemTextClass.js
2000.05.27 18:58 B C:\WEBSHARE\WWWROOT\stevetonyasweb\tonya\medprime\scripts\elemTimrClass.js --> upload.att.net /t_estes/medprime/scripts elemTimrClass.js
2000.05.27 18:58 B C:\WEBSHARE\WWWROOT\stevetonyasweb\tonya\medprime\scripts\interactionClass.js --> upload.att.net /t_estes/medprime/scripts interactionClass.js
2000.05.27 18:58 B C:\WEBSHARE\WWWROOT\stevetonyasweb\tonya\medprime\scripts\version.txt --> upload.att.net /t_estes/medprime/scripts version.txt
2000.05.27 23:22 B C:\WEBSHARE\WWWROOT\stevetonyasweb\tonya\medprime\scripts\behActions.js --> upload.att.net /tcestes/medprime/scripts behActions.js
2000.05.27 23:22 B C:\WEBSHARE\WWWROOT\stevetonyasweb\tonya\medprime\scripts\behCourseBuilder.js --> upload.att.net /tcestes/medprime/scripts behCourseBuilder.js
2000.05.27 23:22 B C:\WEBSHARE\WWWROOT\stevetonyasweb\tonya\medprime\scripts\behDragLayer.js --> upload.att.net /tcestes/medprime/scripts behDragLayer.js
2000.05.27 23:22 B C:\WEBSHARE\WWWROOT\stevetonyasweb\tonya\medprime\scripts\behTimeline.js --> upload.att.net /tcestes/medprime/scripts behTimeline.js
2000.05.27 23:22 B C:\WEBSHARE\WWWROOT\stevetonyasweb\tonya\medprime\scripts\cmi.js --> upload.att.net /tcestes/medprime/scripts cmi.js
2000.05.27 23:22 B C:\WEBSHARE\WWWROOT\stevetonyasweb\tonya\medprime\scripts\elemDragClass.js --> upload.att.net /tcestes/medprime/scripts elemDragClass.js
2000.05.27 23:22 B C:\WEBSHARE\WWWROOT\stevetonyasweb\tonya\medprime\scripts\elemHotaClass.js --> upload.att.net /tcestes/medprime/scripts elemHotaClass.js
2000.05.27 23:22 B C:\WEBSHARE\WWWROOT\stevetonyasweb\tonya\medprime\scripts\elemIbtnClass.js --> upload.att.net /tcestes/medprime/scripts elemIbtnClass.js
2000.05.27 23:22 B C:\WEBSHARE\WWWROOT\stevetonyasweb\tonya\medprime\scripts\elemInptClass.js --> upload.att.net /tcestes/medprime/scripts elemInptClass.js
2000.05.27 23:22 B C:\WEBSHARE\WWWROOT\stevetonyasweb\tonya\medprime\scripts\elemSldrClass.js --> upload.att.net /tcestes/medprime/scripts elemSldrClass.js
2000.05.27 23:22 B C:\WEBSHARE\WWWROOT\stevetonyasweb\tonya\medprime\scripts\elemTextClass.js --> upload.att.net /tcestes/medprime/scripts elemTextClass.js
2000.05.27 23:23 B C:\WEBSHARE\WWWROOT\stevetonyasweb\tonya\medprime\scripts\elemTimrClass.js --> upload.att.net /tcestes/medprime/scripts elemTimrClass.js
2000.05.27 23:23 B C:\WEBSHARE\WWWROOT\stevetonyasweb\tonya\medprime\scripts\interactionClass.js --> upload.att.net /tcestes/medprime/scripts interactionClass.js
2000.05.27 23:23 B C:\WEBSHARE\WWWROOT\stevetonyasweb\tonya\medprime\scripts\version.txt --> upload.att.net /tcestes/medprime/scripts version.txt
