2000.05.27 18:56 B C:\WEBSHARE\WWWROOT\stevetonyasweb\tonya\medprime\images\arrow.gif --> upload.att.net /t_estes/medprime/images arrow.gif
2000.05.27 18:56 B C:\WEBSHARE\WWWROOT\stevetonyasweb\tonya\medprime\images\arrowR.gif --> upload.att.net /t_estes/medprime/images arrowR.gif
2000.05.27 18:56 B C:\WEBSHARE\WWWROOT\stevetonyasweb\tonya\medprime\images\Back.gif --> upload.att.net /t_estes/medprime/images Back.gif
2000.05.27 18:56 B C:\WEBSHARE\WWWROOT\stevetonyasweb\tonya\medprime\images\back.jpg --> upload.att.net /t_estes/medprime/images back.jpg
2000.05.27 18:56 B C:\WEBSHARE\WWWROOT\stevetonyasweb\tonya\medprime\images\BackR.gif --> upload.att.net /t_estes/medprime/images BackR.gif
2000.05.27 18:56 B C:\WEBSHARE\WWWROOT\stevetonyasweb\tonya\medprime\images\backR.jpg --> upload.att.net /t_estes/medprime/images backR.jpg
2000.05.27 18:56 B C:\WEBSHARE\WWWROOT\stevetonyasweb\tonya\medprime\images\banner.jpg --> upload.att.net /t_estes/medprime/images banner.jpg
2000.05.27 18:56 B C:\WEBSHARE\WWWROOT\stevetonyasweb\tonya\medprime\images\barCapLeft.gif --> upload.att.net /t_estes/medprime/images barCapLeft.gif
2000.05.27 18:56 B C:\WEBSHARE\WWWROOT\stevetonyasweb\tonya\medprime\images\barCapRight.gif --> upload.att.net /t_estes/medprime/images barCapRight.gif
2000.05.27 18:56 B C:\WEBSHARE\WWWROOT\stevetonyasweb\tonya\medprime\images\bBack.gif --> upload.att.net /t_estes/medprime/images bBack.gif
2000.05.27 18:56 B C:\WEBSHARE\WWWROOT\stevetonyasweb\tonya\medprime\images\bExit.gif --> upload.att.net /t_estes/medprime/images bExit.gif
2000.05.27 18:56 B C:\WEBSHARE\WWWROOT\stevetonyasweb\tonya\medprime\images\bExitR.gif --> upload.att.net /t_estes/medprime/images bExitR.gif
2000.05.27 18:56 B C:\WEBSHARE\WWWROOT\stevetonyasweb\tonya\medprime\images\bkarrow.gif --> upload.att.net /t_estes/medprime/images bkarrow.gif
2000.05.27 18:56 B C:\WEBSHARE\WWWROOT\stevetonyasweb\tonya\medprime\images\bMenu.gif --> upload.att.net /t_estes/medprime/images bMenu.gif
2000.05.27 18:56 B C:\WEBSHARE\WWWROOT\stevetonyasweb\tonya\medprime\images\bMenuR.gif --> upload.att.net /t_estes/medprime/images bMenuR.gif
2000.05.27 18:56 B C:\WEBSHARE\WWWROOT\stevetonyasweb\tonya\medprime\images\bNext.gif --> upload.att.net /t_estes/medprime/images bNext.gif
2000.05.27 18:56 B C:\WEBSHARE\WWWROOT\stevetonyasweb\tonya\medprime\images\bNext2.gif --> upload.att.net /t_estes/medprime/images bNext2.gif
2000.05.27 18:56 B C:\WEBSHARE\WWWROOT\stevetonyasweb\tonya\medprime\images\bSyllabus.gif --> upload.att.net /t_estes/medprime/images bSyllabus.gif
2000.05.27 18:56 B C:\WEBSHARE\WWWROOT\stevetonyasweb\tonya\medprime\images\bSyllabusR.gif --> upload.att.net /t_estes/medprime/images bSyllabusR.gif
2000.05.27 18:56 B C:\WEBSHARE\WWWROOT\stevetonyasweb\tonya\medprime\images\bTips.gif --> upload.att.net /t_estes/medprime/images bTips.gif
2000.05.27 18:56 B C:\WEBSHARE\WWWROOT\stevetonyasweb\tonya\medprime\images\bTipsR.gif --> upload.att.net /t_estes/medprime/images bTipsR.gif
2000.05.27 18:56 B C:\WEBSHARE\WWWROOT\stevetonyasweb\tonya\medprime\images\bullet.jpg --> upload.att.net /t_estes/medprime/images bullet.jpg
2000.05.27 18:56 B C:\WEBSHARE\WWWROOT\stevetonyasweb\tonya\medprime\images\bulletV.jpg --> upload.att.net /t_estes/medprime/images bulletV.jpg
2000.05.27 18:56 B C:\WEBSHARE\WWWROOT\stevetonyasweb\tonya\medprime\images\exit.jpg --> upload.att.net /t_estes/medprime/images exit.jpg
2000.05.27 18:56 B C:\WEBSHARE\WWWROOT\stevetonyasweb\tonya\medprime\images\exitR.jpg --> upload.att.net /t_estes/medprime/images exitR.jpg
2000.05.27 18:57 B C:\WEBSHARE\WWWROOT\stevetonyasweb\tonya\medprime\images\footer.gif --> upload.att.net /t_estes/medprime/images footer.gif
2000.05.27 18:57 B C:\WEBSHARE\WWWROOT\stevetonyasweb\tonya\medprime\images\footr.jpg --> upload.att.net /t_estes/medprime/images footr.jpg
2000.05.27 18:57 B C:\WEBSHARE\WWWROOT\stevetonyasweb\tonya\medprime\images\headr.jpg --> upload.att.net /t_estes/medprime/images headr.jpg
2000.05.27 18:57 B C:\WEBSHARE\WWWROOT\stevetonyasweb\tonya\medprime\images\line.jpg --> upload.att.net /t_estes/medprime/images line.jpg
2000.05.27 18:57 B C:\WEBSHARE\WWWROOT\stevetonyasweb\tonya\medprime\images\menu.jpg --> upload.att.net /t_estes/medprime/images menu.jpg
2000.05.27 18:57 B C:\WEBSHARE\WWWROOT\stevetonyasweb\tonya\medprime\images\menu_botm.jpg --> upload.att.net /t_estes/medprime/images menu_botm.jpg
2000.05.27 18:57 B C:\WEBSHARE\WWWROOT\stevetonyasweb\tonya\medprime\images\menu_top.gif --> upload.att.net /t_estes/medprime/images menu_top.gif
2000.05.27 18:57 B C:\WEBSHARE\WWWROOT\stevetonyasweb\tonya\medprime\images\menu_top.jpg --> upload.att.net /t_estes/medprime/images menu_top.jpg
2000.05.27 18:57 B C:\WEBSHARE\WWWROOT\stevetonyasweb\tonya\medprime\images\menuR.jpg --> upload.att.net /t_estes/medprime/images menuR.jpg
2000.05.27 18:57 B C:\WEBSHARE\WWWROOT\stevetonyasweb\tonya\medprime\images\Next.gif --> upload.att.net /t_estes/medprime/images Next.gif
2000.05.27 18:57 B C:\WEBSHARE\WWWROOT\stevetonyasweb\tonya\medprime\images\next.jpg --> upload.att.net /t_estes/medprime/images next.jpg
2000.05.27 18:57 B C:\WEBSHARE\WWWROOT\stevetonyasweb\tonya\medprime\images\NextR.gif --> upload.att.net /t_estes/medprime/images NextR.gif
2000.05.27 18:57 B C:\WEBSHARE\WWWROOT\stevetonyasweb\tonya\medprime\images\nextR.jpg --> upload.att.net /t_estes/medprime/images nextR.jpg
2000.05.27 18:57 B C:\WEBSHARE\WWWROOT\stevetonyasweb\tonya\medprime\images\play.jpg --> upload.att.net /t_estes/medprime/images play.jpg
2000.05.27 18:57 B C:\WEBSHARE\WWWROOT\stevetonyasweb\tonya\medprime\images\playR.jpg --> upload.att.net /t_estes/medprime/images playR.jpg
2000.05.27 18:57 B C:\WEBSHARE\WWWROOT\stevetonyasweb\tonya\medprime\images\question.gif --> upload.att.net /t_estes/medprime/images question.gif
2000.05.27 18:57 B C:\WEBSHARE\WWWROOT\stevetonyasweb\tonya\medprime\images\question.jpg --> upload.att.net /t_estes/medprime/images question.jpg
2000.05.27 18:57 B C:\WEBSHARE\WWWROOT\stevetonyasweb\tonya\medprime\images\single.gif --> upload.att.net /t_estes/medprime/images single.gif
2000.05.27 18:57 B C:\WEBSHARE\WWWROOT\stevetonyasweb\tonya\medprime\images\syllabus.jpg --> upload.att.net /t_estes/medprime/images syllabus.jpg
2000.05.27 18:57 B C:\WEBSHARE\WWWROOT\stevetonyasweb\tonya\medprime\images\syllabus2.jpg --> upload.att.net /t_estes/medprime/images syllabus2.jpg
2000.05.27 18:57 B C:\WEBSHARE\WWWROOT\stevetonyasweb\tonya\medprime\images\syllabus2R.jpg --> upload.att.net /t_estes/medprime/images syllabus2R.jpg
2000.05.27 18:57 B C:\WEBSHARE\WWWROOT\stevetonyasweb\tonya\medprime\images\syllabusR.jpg --> upload.att.net /t_estes/medprime/images syllabusR.jpg
2000.05.27 18:57 B C:\WEBSHARE\WWWROOT\stevetonyasweb\tonya\medprime\images\test.jpg --> upload.att.net /t_estes/medprime/images test.jpg
2000.05.27 18:57 B C:\WEBSHARE\WWWROOT\stevetonyasweb\tonya\medprime\images\test_2.jpg --> upload.att.net /t_estes/medprime/images test_2.jpg
2000.05.27 18:57 B C:\WEBSHARE\WWWROOT\stevetonyasweb\tonya\medprime\images\test_2R.jpg --> upload.att.net /t_estes/medprime/images test_2R.jpg
2000.05.27 18:57 B C:\WEBSHARE\WWWROOT\stevetonyasweb\tonya\medprime\images\testR.jpg --> upload.att.net /t_estes/medprime/images testR.jpg
2000.05.27 18:57 B C:\WEBSHARE\WWWROOT\stevetonyasweb\tonya\medprime\images\tips.jpg --> upload.att.net /t_estes/medprime/images tips.jpg
2000.05.27 18:57 B C:\WEBSHARE\WWWROOT\stevetonyasweb\tonya\medprime\images\tipsR.jpg --> upload.att.net /t_estes/medprime/images tipsR.jpg
2000.05.27 23:21 B C:\WEBSHARE\WWWROOT\stevetonyasweb\tonya\medprime\images\arrow.gif --> upload.att.net /tcestes/medprime/images arrow.gif
2000.05.27 23:21 B C:\WEBSHARE\WWWROOT\stevetonyasweb\tonya\medprime\images\arrowR.gif --> upload.att.net /tcestes/medprime/images arrowR.gif
2000.05.27 23:21 B C:\WEBSHARE\WWWROOT\stevetonyasweb\tonya\medprime\images\Back.gif --> upload.att.net /tcestes/medprime/images Back.gif
2000.05.27 23:21 B C:\WEBSHARE\WWWROOT\stevetonyasweb\tonya\medprime\images\back.jpg --> upload.att.net /tcestes/medprime/images back.jpg
2000.05.27 23:21 B C:\WEBSHARE\WWWROOT\stevetonyasweb\tonya\medprime\images\BackR.gif --> upload.att.net /tcestes/medprime/images BackR.gif
2000.05.27 23:21 B C:\WEBSHARE\WWWROOT\stevetonyasweb\tonya\medprime\images\backR.jpg --> upload.att.net /tcestes/medprime/images backR.jpg
2000.05.27 23:21 B C:\WEBSHARE\WWWROOT\stevetonyasweb\tonya\medprime\images\banner.jpg --> upload.att.net /tcestes/medprime/images banner.jpg
2000.05.27 23:21 B C:\WEBSHARE\WWWROOT\stevetonyasweb\tonya\medprime\images\barCapLeft.gif --> upload.att.net /tcestes/medprime/images barCapLeft.gif
2000.05.27 23:21 B C:\WEBSHARE\WWWROOT\stevetonyasweb\tonya\medprime\images\barCapRight.gif --> upload.att.net /tcestes/medprime/images barCapRight.gif
2000.05.27 23:21 B C:\WEBSHARE\WWWROOT\stevetonyasweb\tonya\medprime\images\bBack.gif --> upload.att.net /tcestes/medprime/images bBack.gif
2000.05.27 23:21 B C:\WEBSHARE\WWWROOT\stevetonyasweb\tonya\medprime\images\bExit.gif --> upload.att.net /tcestes/medprime/images bExit.gif
2000.05.27 23:21 B C:\WEBSHARE\WWWROOT\stevetonyasweb\tonya\medprime\images\bExitR.gif --> upload.att.net /tcestes/medprime/images bExitR.gif
2000.05.27 23:21 B C:\WEBSHARE\WWWROOT\stevetonyasweb\tonya\medprime\images\bkarrow.gif --> upload.att.net /tcestes/medprime/images bkarrow.gif
2000.05.27 23:21 B C:\WEBSHARE\WWWROOT\stevetonyasweb\tonya\medprime\images\bMenu.gif --> upload.att.net /tcestes/medprime/images bMenu.gif
2000.05.27 23:21 B C:\WEBSHARE\WWWROOT\stevetonyasweb\tonya\medprime\images\bMenuR.gif --> upload.att.net /tcestes/medprime/images bMenuR.gif
2000.05.27 23:21 B C:\WEBSHARE\WWWROOT\stevetonyasweb\tonya\medprime\images\bNext.gif --> upload.att.net /tcestes/medprime/images bNext.gif
2000.05.27 23:21 B C:\WEBSHARE\WWWROOT\stevetonyasweb\tonya\medprime\images\bNext2.gif --> upload.att.net /tcestes/medprime/images bNext2.gif
2000.05.27 23:21 B C:\WEBSHARE\WWWROOT\stevetonyasweb\tonya\medprime\images\bSyllabus.gif --> upload.att.net /tcestes/medprime/images bSyllabus.gif
2000.05.27 23:21 B C:\WEBSHARE\WWWROOT\stevetonyasweb\tonya\medprime\images\bSyllabusR.gif --> upload.att.net /tcestes/medprime/images bSyllabusR.gif
2000.05.27 23:21 B C:\WEBSHARE\WWWROOT\stevetonyasweb\tonya\medprime\images\bTips.gif --> upload.att.net /tcestes/medprime/images bTips.gif
2000.05.27 23:21 B C:\WEBSHARE\WWWROOT\stevetonyasweb\tonya\medprime\images\bTipsR.gif --> upload.att.net /tcestes/medprime/images bTipsR.gif
2000.05.27 23:21 B C:\WEBSHARE\WWWROOT\stevetonyasweb\tonya\medprime\images\bullet.jpg --> upload.att.net /tcestes/medprime/images bullet.jpg
2000.05.27 23:21 B C:\WEBSHARE\WWWROOT\stevetonyasweb\tonya\medprime\images\bulletV.jpg --> upload.att.net /tcestes/medprime/images bulletV.jpg
2000.05.27 23:21 B C:\WEBSHARE\WWWROOT\stevetonyasweb\tonya\medprime\images\exit.jpg --> upload.att.net /tcestes/medprime/images exit.jpg
2000.05.27 23:21 B C:\WEBSHARE\WWWROOT\stevetonyasweb\tonya\medprime\images\exitR.jpg --> upload.att.net /tcestes/medprime/images exitR.jpg
2000.05.27 23:21 B C:\WEBSHARE\WWWROOT\stevetonyasweb\tonya\medprime\images\footer.gif --> upload.att.net /tcestes/medprime/images footer.gif
2000.05.27 23:21 B C:\WEBSHARE\WWWROOT\stevetonyasweb\tonya\medprime\images\footr.jpg --> upload.att.net /tcestes/medprime/images footr.jpg
2000.05.27 23:22 B C:\WEBSHARE\WWWROOT\stevetonyasweb\tonya\medprime\images\headr.jpg --> upload.att.net /tcestes/medprime/images headr.jpg
2000.05.27 23:22 B C:\WEBSHARE\WWWROOT\stevetonyasweb\tonya\medprime\images\line.jpg --> upload.att.net /tcestes/medprime/images line.jpg
2000.05.27 23:22 B C:\WEBSHARE\WWWROOT\stevetonyasweb\tonya\medprime\images\menu.jpg --> upload.att.net /tcestes/medprime/images menu.jpg
2000.05.27 23:22 B C:\WEBSHARE\WWWROOT\stevetonyasweb\tonya\medprime\images\menu_botm.jpg --> upload.att.net /tcestes/medprime/images menu_botm.jpg
2000.05.27 23:22 B C:\WEBSHARE\WWWROOT\stevetonyasweb\tonya\medprime\images\menu_top.gif --> upload.att.net /tcestes/medprime/images menu_top.gif
2000.05.27 23:22 B C:\WEBSHARE\WWWROOT\stevetonyasweb\tonya\medprime\images\menu_top.jpg --> upload.att.net /tcestes/medprime/images menu_top.jpg
2000.05.27 23:22 B C:\WEBSHARE\WWWROOT\stevetonyasweb\tonya\medprime\images\menuR.jpg --> upload.att.net /tcestes/medprime/images menuR.jpg
2000.05.27 23:22 B C:\WEBSHARE\WWWROOT\stevetonyasweb\tonya\medprime\images\Next.gif --> upload.att.net /tcestes/medprime/images Next.gif
2000.05.27 23:22 B C:\WEBSHARE\WWWROOT\stevetonyasweb\tonya\medprime\images\next.jpg --> upload.att.net /tcestes/medprime/images next.jpg
2000.05.27 23:22 B C:\WEBSHARE\WWWROOT\stevetonyasweb\tonya\medprime\images\NextR.gif --> upload.att.net /tcestes/medprime/images NextR.gif
2000.05.27 23:22 B C:\WEBSHARE\WWWROOT\stevetonyasweb\tonya\medprime\images\nextR.jpg --> upload.att.net /tcestes/medprime/images nextR.jpg
2000.05.27 23:22 B C:\WEBSHARE\WWWROOT\stevetonyasweb\tonya\medprime\images\play.jpg --> upload.att.net /tcestes/medprime/images play.jpg
2000.05.27 23:22 B C:\WEBSHARE\WWWROOT\stevetonyasweb\tonya\medprime\images\playR.jpg --> upload.att.net /tcestes/medprime/images playR.jpg
2000.05.27 23:22 B C:\WEBSHARE\WWWROOT\stevetonyasweb\tonya\medprime\images\question.gif --> upload.att.net /tcestes/medprime/images question.gif
2000.05.27 23:22 B C:\WEBSHARE\WWWROOT\stevetonyasweb\tonya\medprime\images\question.jpg --> upload.att.net /tcestes/medprime/images question.jpg
2000.05.27 23:22 B C:\WEBSHARE\WWWROOT\stevetonyasweb\tonya\medprime\images\single.gif --> upload.att.net /tcestes/medprime/images single.gif
2000.05.27 23:22 B C:\WEBSHARE\WWWROOT\stevetonyasweb\tonya\medprime\images\syllabus.jpg --> upload.att.net /tcestes/medprime/images syllabus.jpg
2000.05.27 23:22 B C:\WEBSHARE\WWWROOT\stevetonyasweb\tonya\medprime\images\syllabus2.jpg --> upload.att.net /tcestes/medprime/images syllabus2.jpg
2000.05.27 23:22 B C:\WEBSHARE\WWWROOT\stevetonyasweb\tonya\medprime\images\syllabus2R.jpg --> upload.att.net /tcestes/medprime/images syllabus2R.jpg
2000.05.27 23:22 B C:\WEBSHARE\WWWROOT\stevetonyasweb\tonya\medprime\images\syllabusR.jpg --> upload.att.net /tcestes/medprime/images syllabusR.jpg
2000.05.27 23:22 B C:\WEBSHARE\WWWROOT\stevetonyasweb\tonya\medprime\images\test.jpg --> upload.att.net /tcestes/medprime/images test.jpg
2000.05.27 23:22 B C:\WEBSHARE\WWWROOT\stevetonyasweb\tonya\medprime\images\test_2.jpg --> upload.att.net /tcestes/medprime/images test_2.jpg
2000.05.27 23:22 B C:\WEBSHARE\WWWROOT\stevetonyasweb\tonya\medprime\images\test_2R.jpg --> upload.att.net /tcestes/medprime/images test_2R.jpg
2000.05.27 23:22 B C:\WEBSHARE\WWWROOT\stevetonyasweb\tonya\medprime\images\testR.jpg --> upload.att.net /tcestes/medprime/images testR.jpg
2000.05.27 23:22 B C:\WEBSHARE\WWWROOT\stevetonyasweb\tonya\medprime\images\tips.jpg --> upload.att.net /tcestes/medprime/images tips.jpg
2000.05.27 23:22 B C:\WEBSHARE\WWWROOT\stevetonyasweb\tonya\medprime\images\tipsR.jpg --> upload.att.net /tcestes/medprime/images tipsR.jpg
