2000.05.27 18:54 B C:\WEBSHARE\WWWROOT\stevetonyasweb\tonya\emergncy\images\botmbar_left.jpg --> upload.att.net /t_estes/emergncy/images botmbar_left.jpg
2000.05.27 18:54 B C:\WEBSHARE\WWWROOT\stevetonyasweb\tonya\emergncy\images\botmbar_mid.jpg --> upload.att.net /t_estes/emergncy/images botmbar_mid.jpg
2000.05.27 18:54 B C:\WEBSHARE\WWWROOT\stevetonyasweb\tonya\emergncy\images\botmbar_tile.jpg --> upload.att.net /t_estes/emergncy/images botmbar_tile.jpg
2000.05.27 18:54 B C:\WEBSHARE\WWWROOT\stevetonyasweb\tonya\emergncy\images\exit.jpg --> upload.att.net /t_estes/emergncy/images exit.jpg
2000.05.27 18:54 B C:\WEBSHARE\WWWROOT\stevetonyasweb\tonya\emergncy\images\exit_btn.jpg --> upload.att.net /t_estes/emergncy/images exit_btn.jpg
2000.05.27 18:54 B C:\WEBSHARE\WWWROOT\stevetonyasweb\tonya\emergncy\images\exit_btnR.jpg --> upload.att.net /t_estes/emergncy/images exit_btnR.jpg
2000.05.27 18:55 B C:\WEBSHARE\WWWROOT\stevetonyasweb\tonya\emergncy\images\fire_headpic3.jpe --> upload.att.net /t_estes/emergncy/images fire_headpic3.jpe
2000.05.27 18:55 B C:\WEBSHARE\WWWROOT\stevetonyasweb\tonya\emergncy\images\fire_logohead2.gif --> upload.att.net /t_estes/emergncy/images fire_logohead2.gif
2000.05.27 18:55 B C:\WEBSHARE\WWWROOT\stevetonyasweb\tonya\emergncy\images\fire_tipleft.gif --> upload.att.net /t_estes/emergncy/images fire_tipleft.gif
2000.05.27 18:55 B C:\WEBSHARE\WWWROOT\stevetonyasweb\tonya\emergncy\images\fire_tipright.gif --> upload.att.net /t_estes/emergncy/images fire_tipright.gif
2000.05.27 18:55 B C:\WEBSHARE\WWWROOT\stevetonyasweb\tonya\emergncy\images\play.gif --> upload.att.net /t_estes/emergncy/images play.gif
2000.05.27 18:55 B C:\WEBSHARE\WWWROOT\stevetonyasweb\tonya\emergncy\images\realPlayer.gif --> upload.att.net /t_estes/emergncy/images realPlayer.gif
2000.05.27 18:55 B C:\WEBSHARE\WWWROOT\stevetonyasweb\tonya\emergncy\images\single.gif --> upload.att.net /t_estes/emergncy/images single.gif
2000.05.27 18:55 B C:\WEBSHARE\WWWROOT\stevetonyasweb\tonya\emergncy\images\slide.gif --> upload.att.net /t_estes/emergncy/images slide.gif
2000.05.27 18:55 B C:\WEBSHARE\WWWROOT\stevetonyasweb\tonya\emergncy\images\stop.gif --> upload.att.net /t_estes/emergncy/images stop.gif
2000.05.27 18:55 B C:\WEBSHARE\WWWROOT\stevetonyasweb\tonya\emergncy\images\syll_btn.jpg --> upload.att.net /t_estes/emergncy/images syll_btn.jpg
2000.05.27 18:55 B C:\WEBSHARE\WWWROOT\stevetonyasweb\tonya\emergncy\images\syll_btnR.jpg --> upload.att.net /t_estes/emergncy/images syll_btnR.jpg
2000.05.27 18:55 B C:\WEBSHARE\WWWROOT\stevetonyasweb\tonya\emergncy\images\syllabus.jpg --> upload.att.net /t_estes/emergncy/images syllabus.jpg
2000.05.27 18:55 B C:\WEBSHARE\WWWROOT\stevetonyasweb\tonya\emergncy\images\test.jpg --> upload.att.net /t_estes/emergncy/images test.jpg
2000.05.27 18:55 B C:\WEBSHARE\WWWROOT\stevetonyasweb\tonya\emergncy\images\test_btn.jpg --> upload.att.net /t_estes/emergncy/images test_btn.jpg
2000.05.27 18:55 B C:\WEBSHARE\WWWROOT\stevetonyasweb\tonya\emergncy\images\test_btnR.jpg --> upload.att.net /t_estes/emergncy/images test_btnR.jpg
2000.05.27 18:55 B C:\WEBSHARE\WWWROOT\stevetonyasweb\tonya\emergncy\images\topBarPattern2.gif --> upload.att.net /t_estes/emergncy/images topBarPattern2.gif
2000.05.27 23:25 B C:\WEBSHARE\WWWROOT\stevetonyasweb\tonya\emergncy\images\botmbar_left.jpg --> upload.att.net /tcestes/emergncy/images botmbar_left.jpg
2000.05.27 23:25 B C:\WEBSHARE\WWWROOT\stevetonyasweb\tonya\emergncy\images\botmbar_mid.jpg --> upload.att.net /tcestes/emergncy/images botmbar_mid.jpg
2000.05.27 23:25 B C:\WEBSHARE\WWWROOT\stevetonyasweb\tonya\emergncy\images\botmbar_tile.jpg --> upload.att.net /tcestes/emergncy/images botmbar_tile.jpg
2000.05.27 23:25 B C:\WEBSHARE\WWWROOT\stevetonyasweb\tonya\emergncy\images\exit.jpg --> upload.att.net /tcestes/emergncy/images exit.jpg
2000.05.27 23:25 B C:\WEBSHARE\WWWROOT\stevetonyasweb\tonya\emergncy\images\exit_btn.jpg --> upload.att.net /tcestes/emergncy/images exit_btn.jpg
2000.05.27 23:25 B C:\WEBSHARE\WWWROOT\stevetonyasweb\tonya\emergncy\images\exit_btnR.jpg --> upload.att.net /tcestes/emergncy/images exit_btnR.jpg
2000.05.27 23:25 B C:\WEBSHARE\WWWROOT\stevetonyasweb\tonya\emergncy\images\fire_headpic3.jpe --> upload.att.net /tcestes/emergncy/images fire_headpic3.jpe
2000.05.27 23:25 B C:\WEBSHARE\WWWROOT\stevetonyasweb\tonya\emergncy\images\fire_logohead2.gif --> upload.att.net /tcestes/emergncy/images fire_logohead2.gif
2000.05.27 23:25 B C:\WEBSHARE\WWWROOT\stevetonyasweb\tonya\emergncy\images\fire_tipleft.gif --> upload.att.net /tcestes/emergncy/images fire_tipleft.gif
2000.05.27 23:25 B C:\WEBSHARE\WWWROOT\stevetonyasweb\tonya\emergncy\images\fire_tipright.gif --> upload.att.net /tcestes/emergncy/images fire_tipright.gif
2000.05.27 23:25 B C:\WEBSHARE\WWWROOT\stevetonyasweb\tonya\emergncy\images\play.gif --> upload.att.net /tcestes/emergncy/images play.gif
2000.05.27 23:25 B C:\WEBSHARE\WWWROOT\stevetonyasweb\tonya\emergncy\images\realPlayer.gif --> upload.att.net /tcestes/emergncy/images realPlayer.gif
2000.05.27 23:25 B C:\WEBSHARE\WWWROOT\stevetonyasweb\tonya\emergncy\images\single.gif --> upload.att.net /tcestes/emergncy/images single.gif
2000.05.27 23:25 B C:\WEBSHARE\WWWROOT\stevetonyasweb\tonya\emergncy\images\slide.gif --> upload.att.net /tcestes/emergncy/images slide.gif
2000.05.27 23:25 B C:\WEBSHARE\WWWROOT\stevetonyasweb\tonya\emergncy\images\stop.gif --> upload.att.net /tcestes/emergncy/images stop.gif
2000.05.27 23:25 B C:\WEBSHARE\WWWROOT\stevetonyasweb\tonya\emergncy\images\syll_btn.jpg --> upload.att.net /tcestes/emergncy/images syll_btn.jpg
2000.05.27 23:25 B C:\WEBSHARE\WWWROOT\stevetonyasweb\tonya\emergncy\images\syll_btnR.jpg --> upload.att.net /tcestes/emergncy/images syll_btnR.jpg
2000.05.27 23:25 B C:\WEBSHARE\WWWROOT\stevetonyasweb\tonya\emergncy\images\syllabus.jpg --> upload.att.net /tcestes/emergncy/images syllabus.jpg
2000.05.27 23:25 B C:\WEBSHARE\WWWROOT\stevetonyasweb\tonya\emergncy\images\test.jpg --> upload.att.net /tcestes/emergncy/images test.jpg
2000.05.27 23:25 B C:\WEBSHARE\WWWROOT\stevetonyasweb\tonya\emergncy\images\test_btn.jpg --> upload.att.net /tcestes/emergncy/images test_btn.jpg
2000.05.27 23:25 B C:\WEBSHARE\WWWROOT\stevetonyasweb\tonya\emergncy\images\test_btnR.jpg --> upload.att.net /tcestes/emergncy/images test_btnR.jpg
2000.05.27 23:25 B C:\WEBSHARE\WWWROOT\stevetonyasweb\tonya\emergncy\images\topBarPattern2.gif --> upload.att.net /tcestes/emergncy/images topBarPattern2.gif
